<?xml version="1.0" encoding="UTF-8"?>
<!-- Generated by org.testng.reporters.JUnitReportReporter -->
<testsuite hostname="DESKTOP-8I6I0RA" failures="0" tests="2" name="backend.RestAssuredTests" time="3.403" errors="0" timestamp="2022-10-20T04:38:31 EDT" skipped="0">
  <testcase classname="backend.RestAssuredTests" name="assertHomePageLoads" time="3.015"/>
  <system-out/>
  <testcase classname="backend.RestAssuredTests" name="registerTest" time="0.388"/>
  <system-out/>
</testsuite> <!-- backend.RestAssuredTests -->
