<?xml version="1.0" encoding="UTF-8"?>
<!-- Generated by org.testng.reporters.JUnitReportReporter -->
<testsuite skipped="0" hostname="NTB371" name="backend.RestAssuredTests" tests="2" failures="0" timestamp="2022-10-12T08:53:58 CEST" time="1.995" errors="0">
  <testcase name="registerTest" time="0.379" classname="backend.RestAssuredTests"/>
  <system-out/>
  <testcase name="assertHomePageLoads" time="1.616" classname="backend.RestAssuredTests"/>
  <system-out/>
</testsuite> <!-- backend.RestAssuredTests -->
