<?xml version="1.0" encoding="UTF-8"?>
<!-- Generated by org.testng.reporters.JUnitReportReporter -->
<testsuite hostname="DESKTOP-8I6I0RA" failures="0" tests="2" name="backend.RestAssuredTests" time="1.897" errors="0" timestamp="2022-10-20T04:29:36 EDT" skipped="0">
  <testcase classname="backend.RestAssuredTests" name="assertHomePageLoads" time="1.538"/>
  <system-out/>
  <testcase classname="backend.RestAssuredTests" name="registerTest" time="0.359"/>
  <system-out/>
</testsuite> <!-- backend.RestAssuredTests -->
