<?xml version="1.0" encoding="UTF-8"?>
<!-- Generated by org.testng.reporters.JUnitReportReporter -->
<testsuite hostname="DESKTOP-8I6I0RA" failures="0" tests="5" name="frontend.tests.FrontEndTests" time="17.739" errors="0" timestamp="2022-10-20T04:29:36 EDT" skipped="0">
  <testcase classname="frontend.tests.FrontEndTests" name="openHomePage" time="1.789"/>
  <system-out/>
  <testcase classname="frontend.tests.FrontEndTests" name="registerNewAdmin" time="5.370"/>
  <system-out/>
  <testcase classname="frontend.tests.FrontEndTests" name="assertHomePageHeaderTitle" time="3.326"/>
  <system-out/>
  <testcase classname="frontend.tests.FrontEndTests" name="failLoginWithNewUser" time="4.606"/>
  <system-out/>
  <testcase classname="frontend.tests.FrontEndTests" name="loginWithNewUser" time="2.648"/>
  <system-out/>
</testsuite> <!-- frontend.tests.FrontEndTests -->
