<?xml version="1.0" encoding="UTF-8"?>
<!-- Generated by org.testng.reporters.JUnitReportReporter -->
<testsuite hostname="DESKTOP-8I6I0RA" failures="0" tests="5" name="frontend.tests.FrontEndTests" time="18.395" errors="0" timestamp="2022-10-27T15:25:33 EDT" skipped="0">
  <testcase classname="frontend.tests.FrontEndTests" name="failLoginWithNewUser" time="4.627"/>
  <system-out/>
  <testcase classname="frontend.tests.FrontEndTests" name="openHomePage" time="2.501"/>
  <system-out/>
  <testcase classname="frontend.tests.FrontEndTests" name="registerNewAdmin" time="6.555"/>
  <system-out/>
  <testcase classname="frontend.tests.FrontEndTests" name="assertHomePageHeaderTitle" time="1.985"/>
  <system-out/>
  <testcase classname="frontend.tests.FrontEndTests" name="loginWithNewUser" time="2.727"/>
  <system-out/>
</testsuite> <!-- frontend.tests.FrontEndTests -->
