<?xml version="1.0" encoding="UTF-8"?>
<!-- Generated by org.testng.reporters.JUnitReportReporter -->
<testsuite hostname="DESKTOP-8I6I0RA" failures="0" tests="2" name="backend.RestAssuredTests" time="2.192" errors="0" timestamp="2022-10-27T15:25:33 EDT" skipped="0">
  <testcase classname="backend.RestAssuredTests" name="assertHomePageLoads" time="1.812"/>
  <system-out/>
  <testcase classname="backend.RestAssuredTests" name="registerTest" time="0.380"/>
  <system-out/>
</testsuite> <!-- backend.RestAssuredTests -->
